<?xml version="1.0" encoding="UTF-8"?>
<testsuite name="practice.practice_restapi.test.test" tests="1" skipped="0" failures="0" errors="0" timestamp="2023-06-22T06:43:14" hostname="DESKTOP-UDR9I5L" time="0.031">
  <properties/>
  <testcase name="save()" classname="practice.practice_restapi.test.test" time="0.031"/>
  <system-out><![CDATA[]]></system-out>
  <system-err><![CDATA[]]></system-err>
</testsuite>
